<?xml version="1.0" encoding="UTF-8"?>
<robot generator="Robot 7.0 (Python 3.11.5 on win32)" generated="2024-03-30T11:44:06.343974" rpa="false" schemaversion="5">
<suite id="s1" name="FEA109" source="D:\Courses\2024 S\Future Factory\Testing\back-end\FEA109">
<suite id="s1-s1" name="Test-Suit" source="D:\Courses\2024 S\Future Factory\Testing\back-end\FEA109\test-suit">
<suite id="s1-s1-s1" name="FEA109" source="D:\Courses\2024 S\Future Factory\Testing\back-end\FEA109\test-suit\FEA109.robot">
<test id="s1-s1-s1-t1" name="TC109-003" line="6">
<kw name="Create Session" owner="RequestsLibrary">
<msg time="2024-03-30T11:44:06.816633" level="INFO">Creating Session using : alias=mysession, url=http://localhost:8080, headers={},                     cookies={}, auth=None, timeout=None, proxies=None, verify=True,                     debug=0 </msg>
<arg>mysession</arg>
<arg>${API_URL}</arg>
<arg>verify=true</arg>
<doc>Create Session: create a HTTP session to a server</doc>
<status status="PASS" start="2024-03-30T11:44:06.815632" elapsed="0.001001"/>
</kw>
<kw name="GET On Session" owner="RequestsLibrary">
<msg time="2024-03-30T11:44:07.262931" level="INFO">GET Request : url=http://localhost:8080/api/Locations/search/?query=helsinki 
 path_url=/api/Locations/search/?query=helsinki 
 headers={'User-Agent': 'python-requests/2.31.0', 'Accept-Encoding': 'gzip, deflate', 'Accept': '*/*', 'Connection': 'keep-alive'} 
 body=None 
 </msg>
<msg time="2024-03-30T11:44:07.263464" level="INFO">GET Response : url=http://localhost:8080/api/Locations/search/?query=helsinki 
 status=200, reason=OK 
 headers={'Content-Type': 'application/json; charset=utf-8', 'Date': 'Sat, 30 Mar 2024 09:44:06 GMT', 'Server': 'Kestrel', 'Content-Encoding': 'gzip', 'Transfer-Encoding': 'chunked', 'Vary': 'Accept-Encoding'} 
 body=[{"place_id":180863916,"lat":"60.1674881","lon":"24.9427473","category":"boundary","type":"administrative","place_rank":15,"importance":0.7385004519116767,"addresstype":"city","name":"Helsinki","display_name":"Helsinki, Helsingin seutukunta, Uusimaa, Etelä-Suomen aluehallintovirasto, Manner-Suomi, Suomi / Finland","boundingbox":[59.922485,60.29785,24.782803,25.25451]}] 
 </msg>
<msg time="2024-03-30T11:44:07.263464" level="INFO">${response} = &lt;Response [200]&gt;</msg>
<var>${response}</var>
<arg>mysession</arg>
<arg>/api/Locations/search/</arg>
<arg>params=query=helsinki</arg>
<doc>Sends a GET request on a previously created HTTP Session.</doc>
<status status="PASS" start="2024-03-30T11:44:06.817764" elapsed="0.446236"/>
</kw>
<kw name="Status Should Be" owner="RequestsLibrary">
<arg>200</arg>
<arg>${response}</arg>
<doc>Fails if response status code is different than the expected.</doc>
<status status="PASS" start="2024-03-30T11:44:07.264527" elapsed="0.001062"/>
</kw>
<kw name="Get Value From Json" owner="JSONLibrary">
<msg time="2024-03-30T11:44:07.284703" level="INFO">${name} = ['Helsinki']</msg>
<var>${name}</var>
<arg>${response.json()}[0]</arg>
<arg>name</arg>
<doc>Get Value From JSON using JSONPath</doc>
<status status="PASS" start="2024-03-30T11:44:07.265589" elapsed="0.019114"/>
</kw>
<kw name="Get From List" owner="Collections">
<msg time="2024-03-30T11:44:07.286635" level="INFO">${nameFromList} = Helsinki</msg>
<var>${nameFromList}</var>
<arg>${name}</arg>
<arg>0</arg>
<doc>Returns the value specified with an ``index`` from ``list``.</doc>
<status status="PASS" start="2024-03-30T11:44:07.285635" elapsed="0.001328"/>
</kw>
<kw name="Should Be Equal" owner="BuiltIn">
<arg>${nameFromList}</arg>
<arg>Helsinki</arg>
<doc>Fails if the given objects are unequal.</doc>
<status status="PASS" start="2024-03-30T11:44:07.287963" elapsed="0.000000"/>
</kw>
<doc>Search bar test (back-end)</doc>
<tag>Smoke</tag>
<status status="PASS" start="2024-03-30T11:44:06.813637" elapsed="0.475340"/>
</test>
<status status="PASS" start="2024-03-30T11:44:06.386212" elapsed="0.903764"/>
</suite>
<status status="PASS" start="2024-03-30T11:44:06.381901" elapsed="0.911075"/>
</suite>
<status status="PASS" start="2024-03-30T11:44:06.349831" elapsed="0.945144"/>
</suite>
<statistics>
<total>
<stat pass="1" fail="0" skip="0">All Tests</stat>
</total>
<tag>
<stat pass="1" fail="0" skip="0">Smoke</stat>
</tag>
<suite>
<stat pass="1" fail="0" skip="0" id="s1" name="FEA109">FEA109</stat>
<stat pass="1" fail="0" skip="0" id="s1-s1" name="Test-Suit">FEA109.Test-Suit</stat>
<stat pass="1" fail="0" skip="0" id="s1-s1-s1" name="FEA109">FEA109.Test-Suit.FEA109</stat>
</suite>
</statistics>
<errors>
</errors>
</robot>
