<?xml version="1.0" encoding="UTF-8"?>
<robot generator="Robot 7.0 (Python 3.11.5 on win32)" generated="2024-03-30T11:58:02.000221" rpa="false" schemaversion="5">
<suite id="s1" name="FEA109" source="D:\Courses\2024 S\Future Factory\Testing\front-end\FEA109">
<suite id="s1-s1" name="Test-Suit" source="D:\Courses\2024 S\Future Factory\Testing\front-end\FEA109\test-suit">
<suite id="s1-s1-s1" name="FEA109" source="D:\Courses\2024 S\Future Factory\Testing\front-end\FEA109\test-suit\FEA109.robot">
<test id="s1-s1-s1-t1" name="TC109-001" line="6">
<kw name="Open Home" owner="FEA109">
<kw name="Open Browser" owner="SeleniumLibrary">
<msg time="2024-03-30T11:58:02.491294" level="INFO">Opening browser 'Firefox' to base url 'http://localhost:5173/'.</msg>
<arg>${url}</arg>
<arg>${browser}</arg>
<doc>Opens a new browser instance to the optional ``url``.</doc>
<status status="PASS" start="2024-03-30T11:58:02.489788" elapsed="8.692340"/>
</kw>
<status status="PASS" start="2024-03-30T11:58:02.488793" elapsed="8.693839"/>
</kw>
<kw name="Max Window" owner="FEA109">
<kw name="Maximize Browser Window" owner="SeleniumLibrary">
<doc>Maximizes current browser window.</doc>
<status status="PASS" start="2024-03-30T11:58:11.184168" elapsed="0.270689"/>
</kw>
<status status="PASS" start="2024-03-30T11:58:11.183159" elapsed="0.271698"/>
</kw>
<kw name="Input Text" owner="SeleniumLibrary">
<msg time="2024-03-30T11:58:11.459136" level="INFO">Typing text 'turku' into text field 'css:input[name="query"]'.</msg>
<arg>css:input[name="query"]</arg>
<arg>turku</arg>
<doc>Types the given ``text`` into the text field identified by ``locator``.</doc>
<status status="PASS" start="2024-03-30T11:58:11.458133" elapsed="0.200432"/>
</kw>
<kw name="Click Element" owner="SeleniumLibrary">
<msg time="2024-03-30T11:58:11.659564" level="INFO">Clicking element 'xpath=//button[@class="inline-flex items-center justify-center whitespace-nowrap rounded-md text-sm font-medium ring-offset-background transition-colors focus-visible:outline-none focus-visible:ring-2 focus-visible:ring-ring focus-visible:ring-offset-2 disabled:pointer-events-none disabled:opacity-50 text-primary underline-offset-4 hover:underline h-10 w-10 shrink-0"]'.</msg>
<arg>xpath=//button[@class="inline-flex items-center justify-center whitespace-nowrap rounded-md text-sm font-medium ring-offset-background transition-colors focus-visible:outline-none focus-visible:ring-2 focus-visible:ring-ring focus-visible:ring-offset-2 disabled:pointer-events-none disabled:opacity-50 text-primary underline-offset-4 hover:underline h-10 w-10 shrink-0"]</arg>
<doc>Click the element identified by ``locator``.</doc>
<status status="PASS" start="2024-03-30T11:58:11.658565" elapsed="0.451103"/>
</kw>
<kw name="Wait Until Element Is Visible" owner="SeleniumLibrary">
<arg>xpath=//div[@class="px-5 py-2.5 border-b last:border-0 hover:bg-muted hover:cursor-pointer"]</arg>
<doc>Waits until the element ``locator`` is visible.</doc>
<status status="PASS" start="2024-03-30T11:58:12.110375" elapsed="0.226421"/>
</kw>
<kw name="Log" owner="BuiltIn">
<msg time="2024-03-30T11:58:12.338796" level="INFO">The Search result has appeared</msg>
<arg>The Search result has appeared</arg>
<doc>Logs the given message with the given level.</doc>
<status status="PASS" start="2024-03-30T11:58:12.337795" elapsed="0.001001"/>
</kw>
<kw name="Click Element" owner="SeleniumLibrary">
<msg time="2024-03-30T11:58:12.340235" level="INFO">Clicking element 'xpath=//div[@class="px-5 py-2.5 border-b last:border-0 hover:bg-muted hover:cursor-pointer"]'.</msg>
<arg>xpath=//div[@class="px-5 py-2.5 border-b last:border-0 hover:bg-muted hover:cursor-pointer"]</arg>
<doc>Click the element identified by ``locator``.</doc>
<status status="PASS" start="2024-03-30T11:58:12.340235" elapsed="0.354905"/>
</kw>
<kw name="Wait Until Element Is Visible" owner="SeleniumLibrary">
<arg>xpath=//img[@src="https://a.tile.openstreetmap.org/12/2301/1179.png"]</arg>
<doc>Waits until the element ``locator`` is visible.</doc>
<status status="PASS" start="2024-03-30T11:58:12.696136" elapsed="0.017264"/>
</kw>
<kw name="Log" owner="BuiltIn">
<msg time="2024-03-30T11:58:12.714407" level="INFO">Location: (60.45721779774396, 22.236328125) will be visible on the map. (True Location: Pitkämäki, Turku)</msg>
<arg>Location: (60.45721779774396, 22.236328125) will be visible on the map. (True Location: Pitkämäki, Turku)</arg>
<doc>Logs the given message with the given level.</doc>
<status status="PASS" start="2024-03-30T11:58:12.713400" elapsed="0.002006"/>
</kw>
<kw name="Click Element" owner="SeleniumLibrary">
<msg time="2024-03-30T11:58:12.716405" level="INFO">Clicking element '//button[text()="Close"]'.</msg>
<arg>//button[text()="Close"]</arg>
<doc>Click the element identified by ``locator``.</doc>
<status status="PASS" start="2024-03-30T11:58:12.715406" elapsed="0.244236"/>
</kw>
<kw name="Close Browser" owner="SeleniumLibrary" type="TEARDOWN">
<doc>Closes the current browser.</doc>
<status status="PASS" start="2024-03-30T11:58:12.959642" elapsed="2.885292"/>
</kw>
<doc>Search bar check (Front-end)</doc>
<status status="PASS" start="2024-03-30T11:58:02.487790" elapsed="13.357144"/>
</test>
<status status="PASS" start="2024-03-30T11:58:02.045243" elapsed="13.802089"/>
</suite>
<status status="PASS" start="2024-03-30T11:58:02.040805" elapsed="13.808529"/>
</suite>
<status status="PASS" start="2024-03-30T11:58:02.006745" elapsed="13.844585"/>
</suite>
<statistics>
<total>
<stat pass="1" fail="0" skip="0">All Tests</stat>
</total>
<tag>
</tag>
<suite>
<stat pass="1" fail="0" skip="0" id="s1" name="FEA109">FEA109</stat>
<stat pass="1" fail="0" skip="0" id="s1-s1" name="Test-Suit">FEA109.Test-Suit</stat>
<stat pass="1" fail="0" skip="0" id="s1-s1-s1" name="FEA109">FEA109.Test-Suit.FEA109</stat>
</suite>
</statistics>
<errors>
</errors>
</robot>
