<?xml version="1.0" encoding="UTF-8"?>
<robot generator="Robot 7.0 (Python 3.11.5 on win32)" generated="2024-03-22T13:38:18.284310" rpa="false" schemaversion="5">
<suite id="s1" name="FEA000" source="D:\Courses\2024 S\Future Factory\Testing\front-end\FEA000">
<suite id="s1-s1" name="FEA000-initial" source="D:\Courses\2024 S\Future Factory\Testing\front-end\FEA000\FEA000-initial">
<suite id="s1-s1-s1" name="FEA000" source="D:\Courses\2024 S\Future Factory\Testing\front-end\FEA000\FEA000-initial\FEA000.robot">
<test id="s1-s1-s1-t1" name="TC000-005" line="56">
<kw name="Open Home" owner="FEA000">
<kw name="Open Browser" owner="SeleniumLibrary">
<msg time="2024-03-22T13:38:18.649971" level="INFO">Opening browser 'Firefox' to base url 'http://128.214.255.43:5173'.</msg>
<arg>${url}</arg>
<arg>${browser}</arg>
<doc>Opens a new browser instance to the optional ``url``.</doc>
<status status="PASS" start="2024-03-22T13:38:18.648971" elapsed="7.794924"/>
</kw>
<status status="PASS" start="2024-03-22T13:38:18.647971" elapsed="7.795924"/>
</kw>
<kw name="Max Window" owner="FEA000">
<kw name="Maximize Browser Window" owner="SeleniumLibrary">
<doc>Maximizes current browser window.</doc>
<status status="PASS" start="2024-03-22T13:38:26.445957" elapsed="0.291441"/>
</kw>
<status status="PASS" start="2024-03-22T13:38:26.444893" elapsed="0.292505"/>
</kw>
<kw name="Click Element" owner="SeleniumLibrary">
<msg time="2024-03-22T13:38:26.738397" level="INFO">Clicking element 'css:div[title="Draw Rectangle"]'.</msg>
<arg>css:div[title="Draw Rectangle"]</arg>
<doc>Click the element identified by ``locator``.</doc>
<status status="PASS" start="2024-03-22T13:38:26.737398" elapsed="0.271534"/>
</kw>
<kw name="Click Element" owner="SeleniumLibrary">
<msg time="2024-03-22T13:38:27.009936" level="INFO">Clicking element 'css:div[title="Draw Polygons"]'.</msg>
<arg>css:div[title="Draw Polygons"]</arg>
<doc>Click the element identified by ``locator``.</doc>
<status status="PASS" start="2024-03-22T13:38:27.009936" elapsed="0.228470"/>
</kw>
<kw name="Click Element" owner="SeleniumLibrary">
<msg time="2024-03-22T13:38:27.240350" level="INFO">Clicking element 'css:div[title="Draw Circle"]'.</msg>
<arg>css:div[title="Draw Circle"]</arg>
<doc>Click the element identified by ``locator``.</doc>
<status status="PASS" start="2024-03-22T13:38:27.239347" elapsed="0.225279"/>
</kw>
<kw name="Click Element" owner="SeleniumLibrary">
<msg time="2024-03-22T13:38:27.465592" level="INFO">Clicking element 'css:div[title="Remove Layers"]'.</msg>
<arg>css:div[title="Remove Layers"]</arg>
<doc>Click the element identified by ``locator``.</doc>
<status status="PASS" start="2024-03-22T13:38:27.465592" elapsed="0.213612"/>
</kw>
<kw name="Close Browser" owner="SeleniumLibrary" type="TEARDOWN">
<doc>Closes the current browser.</doc>
<status status="PASS" start="2024-03-22T13:38:27.680214" elapsed="2.811075"/>
</kw>
<doc>Testing Draw tools</doc>
<status status="PASS" start="2024-03-22T13:38:18.646433" elapsed="11.845553"/>
</test>
<status status="PASS" start="2024-03-22T13:38:18.325110" elapsed="12.167881"/>
</suite>
<status status="PASS" start="2024-03-22T13:38:18.320109" elapsed="12.174884"/>
</suite>
<status status="PASS" start="2024-03-22T13:38:18.289308" elapsed="12.207687"/>
</suite>
<statistics>
<total>
<stat pass="1" fail="0" skip="0">All Tests</stat>
</total>
<tag>
</tag>
<suite>
<stat pass="1" fail="0" skip="0" id="s1" name="FEA000">FEA000</stat>
<stat pass="1" fail="0" skip="0" id="s1-s1" name="FEA000-initial">FEA000.FEA000-initial</stat>
<stat pass="1" fail="0" skip="0" id="s1-s1-s1" name="FEA000">FEA000.FEA000-initial.FEA000</stat>
</suite>
</statistics>
<errors>
</errors>
</robot>
