<?xml version="1.0" encoding="UTF-8"?>
<robot generator="Robot 7.0 (Python 3.11.5 on win32)" generated="2024-04-11T17:38:29.477187" rpa="false" schemaversion="5">
<suite id="s1" name="Testing-Tukko" source="D:\Courses\2024 S\Future Factory\Test-Repo\testing-tukko">
<suite id="s1-s1" name="Front-End" source="D:\Courses\2024 S\Future Factory\Test-Repo\testing-tukko\front-end">
<suite id="s1-s1-s1" name="FEA109" source="D:\Courses\2024 S\Future Factory\Test-Repo\testing-tukko\front-end\FEA109">
<suite id="s1-s1-s1-s1" name="Test-Suit" source="D:\Courses\2024 S\Future Factory\Test-Repo\testing-tukko\front-end\FEA109\test-suit">
<suite id="s1-s1-s1-s1-s1" name="FEA109" source="D:\Courses\2024 S\Future Factory\Test-Repo\testing-tukko\front-end\FEA109\test-suit\FEA109.robot">
<test id="s1-s1-s1-s1-s1-t1" name="TC109-001" line="6">
<kw name="Open Home" owner="FEA109">
<kw name="Open Browser" owner="SeleniumLibrary">
<msg time="2024-04-11T17:38:29.839436" level="INFO">Opening browser 'Firefox' to base url 'http://128.214.255.43:5175'.</msg>
<arg>${url}</arg>
<arg>${browser}</arg>
<doc>Opens a new browser instance to the optional ``url``.</doc>
<status status="PASS" start="2024-04-11T17:38:29.839436" elapsed="5.797193"/>
</kw>
<status status="PASS" start="2024-04-11T17:38:29.838333" elapsed="5.798296"/>
</kw>
<kw name="Max Window" owner="FEA109">
<kw name="Maximize Browser Window" owner="SeleniumLibrary">
<doc>Maximizes current browser window.</doc>
<status status="PASS" start="2024-04-11T17:38:35.639020" elapsed="0.352274"/>
</kw>
<status status="PASS" start="2024-04-11T17:38:35.637921" elapsed="0.353373"/>
</kw>
<kw name="Input Text" owner="SeleniumLibrary">
<msg time="2024-04-11T17:38:35.996291" level="INFO">Typing text 'turku' into text field 'css:input[name="query"]'.</msg>
<arg>css:input[name="query"]</arg>
<arg>turku</arg>
<doc>Types the given ``text`` into the text field identified by ``locator``.</doc>
<status status="PASS" start="2024-04-11T17:38:35.995293" elapsed="0.090612"/>
</kw>
<kw name="Click Element" owner="SeleniumLibrary">
<msg time="2024-04-11T17:38:36.087906" level="INFO">Clicking element 'xpath=//button[@class="inline-flex items-center justify-center whitespace-nowrap rounded-md text-sm font-medium ring-offset-background transition-colors focus-visible:outline-none focus-visible:ring-2 focus-visible:ring-ring focus-visible:ring-offset-2 disabled:pointer-events-none disabled:opacity-50 text-primary underline-offset-4 hover:underline h-10 w-10 shrink-0"]'.</msg>
<arg>xpath=//button[@class="inline-flex items-center justify-center whitespace-nowrap rounded-md text-sm font-medium ring-offset-background transition-colors focus-visible:outline-none focus-visible:ring-2 focus-visible:ring-ring focus-visible:ring-offset-2 disabled:pointer-events-none disabled:opacity-50 text-primary underline-offset-4 hover:underline h-10 w-10 shrink-0"]</arg>
<doc>Click the element identified by ``locator``.</doc>
<status status="PASS" start="2024-04-11T17:38:36.086903" elapsed="0.242194"/>
</kw>
<kw name="Wait Until Element Is Visible" owner="SeleniumLibrary">
<arg>xpath=//div[@class="px-5 py-2.5 border-b last:border-0 hover:bg-muted hover:cursor-pointer"]</arg>
<doc>Waits until the element ``locator`` is visible.</doc>
<status status="PASS" start="2024-04-11T17:38:36.330606" elapsed="0.218113"/>
</kw>
<kw name="Log" owner="BuiltIn">
<msg time="2024-04-11T17:38:36.549719" level="INFO">The Search result has appeared</msg>
<arg>The Search result has appeared</arg>
<doc>Logs the given message with the given level.</doc>
<status status="PASS" start="2024-04-11T17:38:36.549719" elapsed="0.000000"/>
</kw>
<kw name="Click Element" owner="SeleniumLibrary">
<msg time="2024-04-11T17:38:36.551189" level="INFO">Clicking element 'xpath=//div[@class="px-5 py-2.5 border-b last:border-0 hover:bg-muted hover:cursor-pointer"]'.</msg>
<arg>xpath=//div[@class="px-5 py-2.5 border-b last:border-0 hover:bg-muted hover:cursor-pointer"]</arg>
<doc>Click the element identified by ``locator``.</doc>
<status status="PASS" start="2024-04-11T17:38:36.551189" elapsed="0.226307"/>
</kw>
<kw name="Wait Until Element Is Visible" owner="SeleniumLibrary">
<msg time="2024-04-11T17:38:42.144206" level="INFO" html="true">&lt;/td&gt;&lt;/tr&gt;&lt;tr&gt;&lt;td colspan="3"&gt;&lt;a href="selenium-screenshot-24.png"&gt;&lt;img src="selenium-screenshot-24.png" width="800px"&gt;&lt;/a&gt;</msg>
<msg time="2024-04-11T17:38:42.145360" level="FAIL">Element 'xpath=//img[@src="https://a.tile.openstreetmap.org/12/2301/1179.png"]' not visible after 5 seconds.</msg>
<arg>xpath=//img[@src="https://a.tile.openstreetmap.org/12/2301/1179.png"]</arg>
<doc>Waits until the element ``locator`` is visible.</doc>
<status status="FAIL" start="2024-04-11T17:38:36.778775" elapsed="5.370221">Element 'xpath=//img[@src="https://a.tile.openstreetmap.org/12/2301/1179.png"]' not visible after 5 seconds.</status>
</kw>
<kw name="Log" owner="BuiltIn">
<arg>Location: (60.45721779774396, 22.236328125) will be visible on the map. (True Location: Pitkämäki, Turku)</arg>
<doc>Logs the given message with the given level.</doc>
<status status="NOT RUN" start="2024-04-11T17:38:42.149142" elapsed="0.000000"/>
</kw>
<kw name="Click Element" owner="SeleniumLibrary">
<arg>//button[text()="Close"]</arg>
<doc>Click the element identified by ``locator``.</doc>
<status status="NOT RUN" start="2024-04-11T17:38:42.150144" elapsed="0.000000"/>
</kw>
<kw name="Close Browser" owner="SeleniumLibrary" type="TEARDOWN">
<doc>Closes the current browser.</doc>
<status status="PASS" start="2024-04-11T17:38:42.151143" elapsed="2.770781"/>
</kw>
<doc>Search bar check (Front-end)</doc>
<status status="FAIL" start="2024-04-11T17:38:29.836276" elapsed="15.086650">Element 'xpath=//img[@src="https://a.tile.openstreetmap.org/12/2301/1179.png"]' not visible after 5 seconds.</status>
</test>
<status status="FAIL" start="2024-04-11T17:38:29.516739" elapsed="15.409183"/>
</suite>
<status status="FAIL" start="2024-04-11T17:38:29.514735" elapsed="15.414588"/>
</suite>
<status status="FAIL" start="2024-04-11T17:38:29.510735" elapsed="15.421587"/>
</suite>
<status status="FAIL" start="2024-04-11T17:38:29.507522" elapsed="15.426799"/>
</suite>
<status status="FAIL" start="2024-04-11T17:38:29.482187" elapsed="15.454134"/>
</suite>
<statistics>
<total>
<stat pass="0" fail="1" skip="0">All Tests</stat>
</total>
<tag>
</tag>
<suite>
<stat pass="0" fail="1" skip="0" id="s1" name="Testing-Tukko">Testing-Tukko</stat>
<stat pass="0" fail="1" skip="0" id="s1-s1" name="Front-End">Testing-Tukko.Front-End</stat>
<stat pass="0" fail="1" skip="0" id="s1-s1-s1" name="FEA109">Testing-Tukko.Front-End.FEA109</stat>
<stat pass="0" fail="1" skip="0" id="s1-s1-s1-s1" name="Test-Suit">Testing-Tukko.Front-End.FEA109.Test-Suit</stat>
<stat pass="0" fail="1" skip="0" id="s1-s1-s1-s1-s1" name="FEA109">Testing-Tukko.Front-End.FEA109.Test-Suit.FEA109</stat>
</suite>
</statistics>
<errors>
</errors>
</robot>
