<?xml version="1.0" encoding="UTF-8"?>
<robot generator="Robot 7.0 (Python 3.11.5 on win32)" generated="2024-04-18T10:47:31.399292" rpa="false" schemaversion="5">
<suite id="s1" name="Testing-Tukko" source="D:\Courses\2024 S\Future Factory\Test-Repo\testing-tukko">
<suite id="s1-s1" name="Tests" source="D:\Courses\2024 S\Future Factory\Test-Repo\testing-tukko\tests">
<suite id="s1-s1-s1" name="Acceptance-Test" source="D:\Courses\2024 S\Future Factory\Test-Repo\testing-tukko\tests\acceptance-test">
<suite id="s1-s1-s1-s1" name="Acc" source="D:\Courses\2024 S\Future Factory\Test-Repo\testing-tukko\tests\acceptance-test\acc.robot">
<test id="s1-s1-s1-s1-t1" name="AT003 - Real-Time /stations/{id}/history test on API" line="30">
<kw name="Create Session" owner="RequestsLibrary">
<msg time="2024-04-18T10:47:31.808228" level="INFO">Creating Session using : alias=user_session, url=http://128.214.255.43:8080, headers={},                     cookies={}, auth=None, timeout=None, proxies=None, verify=True,                     debug=0 </msg>
<arg>user_session</arg>
<arg>${API_URL}</arg>
<arg>verify=true</arg>
<doc>Create Session: create a HTTP session to a server</doc>
<status status="PASS" start="2024-04-18T10:47:31.807228" elapsed="0.001000"/>
</kw>
<kw name="GET On Session" owner="RequestsLibrary">
<msg time="2024-04-18T10:47:31.962785" level="INFO">GET Request : url=http://128.214.255.43:8080/api/Stations/24607/history?timeRange=Today 
 path_url=/api/Stations/24607/history?timeRange=Today 
 headers={'User-Agent': 'python-requests/2.31.0', 'Accept-Encoding': 'gzip, deflate', 'Accept': '*/*', 'Connection': 'keep-alive'} 
 body=None 
 </msg>
<msg time="2024-04-18T10:47:31.963882" level="INFO">GET Response : url=http://128.214.255.43:8080/api/Stations/24607/history?timeRange=Today 
 status=200, reason=OK 
 headers={'Content-Type': 'application/json; charset=utf-8', 'Date': 'Thu, 18 Apr 2024 07:47:32 GMT', 'Server': 'Kestrel', 'Content-Encoding': 'gzip', 'Transfer-Encoding': 'chunked', 'Vary': 'Accept-Encoding'} 
 body={"stationId":"24607","tmsNumber":1607,"dataUpdatedTime":"2024-03-13T12:50:05Z","name":"vt1_Karnainen","coordinates":{"longitude":24.079464,"latitude":60.289063},"sensors":[{"sensorId":"5054","stationId":"24607","name":"OHITUKSET_60MIN_KIINTEA_SUUNTA1","timeWindowStart":"2024-04-17T23:00:00Z","timeWindowEnd":"2024-04-18T00:00:00Z","measuredTime":"2024-04-18T00:43:40Z","unit":"kpl/h","value":37,"id":"66206dac78147274c0879c56"},{"sensorId":"5055","stationId":"24607","name":"OHITUKSET_60MIN_KIINTEA_SUUNTA2","timeWindowStart":"2024-04-17T23:00:00Z","timeWindowEnd":"2024-04-18T00:00:00Z","measuredTime":"2024-04-18T00:43:40Z","unit":"kpl/h","value":21,"id":"66206dac78147274c0879c57"},{"sensorId":"5056","stationId":"24607","name":"KESKINOPEUS_60MIN_KIINTEA_SUUNTA1","timeWindowStart":"2024-04-17T23:00:00Z","timeWindowEnd":"2024-04-18T00:00:00Z","measuredTime":"2024-04-18T00:43:40Z","unit":"km/h","value":95,"id":"66206dac78147274c0879c58"},{"sensorId":"5057","stationId":"24607","name":"KESKINOPEUS_60MIN_KIINTEA_SUUNTA2","timeWindowStart":"2024-04-17T23:00:00Z","timeWindowEnd":"2024-04-18T00:00:00Z","measuredTime":"2024-04-18T00:43:40Z","unit":"km/h","value":98,"id":"66206dac78147274c0879c59"},{"sensorId":"5067","stationId":"24607","name":"OHITUKSET_60MIN_KIINTEA_SUUNTA1_MS1","timeWindowStart":"2024-04-17T23:00:00Z","timeWindowEnd":"2024-04-18T00:00:00Z","measuredTime":"2024-04-18T00:43:40Z","unit":"***","value":1,"id":"66206dac78147274c0879c5a"},{"sensorId":"5071","stationId":"24607","name":"OHITUKSET_60MIN_KIINTEA_SUUNTA2_MS2","timeWindowStart":"2024-04-17T23:00:00Z","timeWindowEnd":"2024-04-18T00:00:00Z","measuredTime":"2024-04-18T00:43:40Z","unit":"***","value":1,"id":"66206dac78147274c0879c5b"},{"sensorId":"5054","stationId":"24607","name":"OHITUKSET_60MIN_KIINTEA_SUUNTA1","timeWindowStart":"2024-04-18T00:00:00Z","timeWindowEnd":"2024-04-18T01:00:00Z","measuredTime":"2024-04-18T01:43:05Z","unit":"kpl/h","value":22,"id":"66207bbd78147274c087a7cb"},{"sensorId":"5055","stationId":"24607","name":"OHITUKSET_60MIN_KIINTEA_SUUNTA2","timeWindowStart":"2024-04-18T00:00:00Z","timeWindowEnd":"2024-04-18T01:00:00Z","measuredTime":"2024-04-18T01:43:05Z","unit":"kpl/h","value":50,"id":"66207bbd78147274c087a7cc"},{"sensorId":"5056","stationId":"24607","name":"KESKINOPEUS_60MIN_KIINTEA_SUUNTA1","timeWindowStart":"2024-04-18T00:00:00Z","timeWindowEnd":"2024-04-18T01:00:00Z","measuredTime":"2024-04-18T01:43:05Z","unit":"km/h","value":99,"id":"66207bbd78147274c087a7cd"},{"sensorId":"5057","stationId":"24607","name":"KESKINOPEUS_60MIN_KIINTEA_SUUNTA2","timeWindowStart":"2024-04-18T00:00:00Z","timeWindowEnd":"2024-04-18T01:00:00Z","measuredTime":"2024-04-18T01:43:05Z","unit":"km/h","value":104,"id":"66207bbd78147274c087a7ce"},{"sensorId":"5067","stationId":"24607","name":"OHITUKSET_60MIN_KIINTEA_SUUNTA1_MS1","timeWindowStart":"2024-04-18T00:00:00Z","timeWindowEnd":"2024-04-18T01:00:00Z","measuredTime":"2024-04-18T01:43:05Z","unit":"***","value":1,"id":"66207bbd78147274c087a7cf"},{"sensorId":"5071","stationId":"24607","name":"OHITUKSET_60MIN_KIINTEA_SUUNTA2_MS2","timeWindowStart":"2024-04-18T00:00:00Z","timeWindowEnd":"2024-04-18T01:00:00Z","measuredTime":"2024-04-18T01:43:05Z","unit":"***","value":2,"id":"66207bbd78147274c087a7d0"},{"sensorId":"5054","stationId":"24607","name":"OHITUKSET_60MIN_KIINTEA_SUUNTA1","timeWindowStart":"2024-04-18T01:00:00Z","timeWindowEnd":"2024-04-18T02:00:00Z","measuredTime":"2024-04-18T02:43:01Z","unit":"kpl/h","value":25,"id":"662089cd78147274c087b33d"},{"sensorId":"5055","stationId":"24607","name":"OHITUKSET_60MIN_KIINTEA_SUUNTA2","timeWindowStart":"2024-04-18T01:00:00Z","timeWindowEnd":"2024-04-18T02:00:00Z","measuredTime":"2024-04-18T02:43:01Z","unit":"kpl/h","value":80,"id":"662089cd78147274c087b33e"},{"sensorId":"5056","stationId":"24607","name":"KESKINOPEUS_60MIN_KIINTEA_SUUNTA1","timeWindowStart":"2024-04-18T01:00:00Z","timeWindowEnd":"2024-04-18T02:00:00Z","measuredTime":"2024-04-18T02:43:01Z","unit":"km/h","value":101,"id":"662089cd78147274c087b33f"},{"sensorId":"5057","stationId":"24607","name":"KESKINOPEUS_60MIN_KIINTEA_SUUNTA2","timeWindowStart":"2024-04-18T01:00:00Z","timeWindowEnd":"2024-04-18T02:00:00Z","measuredTime":"2024-04-18T02:43:01Z","unit":"km/h","value":106,"id":"662089cd78147274c087b340"},{"sensorId":"5067","stationId":"24607","name":"OHITUKSET_60MIN_KIINTEA_SUUNTA1_MS1","timeWindowStart":"2024-04-18T01:00:00Z","timeWindowEnd":"2024-04-18T02:00:00Z","measuredTime":"2024-04-18T02:43:01Z","unit":"***","value":1,"id":"662089cd78147274c087b341"},{"sensorId":"5071","stationId":"24607","name":"OHITUKSET_60MIN_KIINTEA_SUUNTA2_MS2","timeWindowStart":"2024-04-18T01:00:00Z","timeWindowEnd":"2024-04-18T02:00:00Z","measuredTime":"2024-04-18T02:43:01Z","unit":"***","value":3,"id":"662089cd78147274c087b342"},{"sensorId":"5054","stationId":"24607","name":"OHITUKSET_60MIN_KIINTEA_SUUNTA1","timeWindowStart":"2024-04-18T02:00:00Z","timeWindowEnd":"2024-04-18T03:00:00Z","measuredTime":"2024-04-18T03:43:07Z","unit":"kpl/h","value":86,"id":"662097de78147274c087beaf"},{"sensorId":"5055","stationId":"24607","name":"OHITUKSET_60MIN_KIINTEA_SUUNTA2","timeWindowStart":"2024-04-18T02:00:00Z","timeWindowEnd":"2024-04-18T03:00:00Z","measuredTime":"2024-04-18T03:43:07Z","unit":"kpl/h","value":206,"id":"662097de78147274c087beb0"},{"sensorId":"5056","stationId":"24607","name":"KESKINOPEUS_60MIN_KIINTEA_SUUNTA1","timeWindowStart":"2024-04-18T02:00:00Z","timeWindowEnd":"2024-04-18T03:00:00Z","measuredTime":"2024-04-18T03:43:07Z","unit":"km/h","value":103,"id":"662097de78147274c087beb1"},{"sensorId":"5057","stationId":"24607","name":"KESKINOPEUS_60MIN_KIINTEA_SUUNTA2","timeWindowStart":"2024-04-18T02:00:00Z","timeWindowEnd":"2024-04-18T03:00:00Z","measuredTime":"2024-04-18T03:43:07Z","unit":"km/h","value":108,"id":"662097de78147274c087beb2"},{"sensorId":"5067","stationId":"24607","name":"OHITUKSET_60MIN_KIINTEA_SUUNTA1_MS1","timeWindowStart":"2024-04-18T02:00:00Z","timeWindowEnd":"2024-04-18T03:00:00Z","measuredTime":"2024-04-18T03:43:07Z","unit":"***","value":3,"id":"662097de78147274c087beb3"},{"sensorId":"5071","stationId":"24607","name":"OHITUKSET_60MIN_KIINTEA_SUUNTA2_MS2","timeWindowStart":"2024-04-18T02:00:00Z","timeWindowEnd":"2024-04-18T03:00:00Z","measuredTime":"2024-04-18T03:43:07Z","unit":"***","value":7,"id":"662097de78147274c087beb4"},{"sensorId":"5054","stationId":"24607","name":"OHITUKSET_60MIN_KIINTEA_SUUNTA1","timeWindowStart":"2024-04-18T03:00:00Z","timeWindowEnd":"2024-04-18T04:00:00Z","measuredTime":"2024-04-18T04:43:08Z","unit":"kpl/h","value":219,"id":"6620a5ed78147274c087ca21"},{"sensorId":"5055","stationId":"24607","name":"OHITUKSET_60MIN_KIINTEA_SUUNTA2","timeWindowStart":"2024-04-18T03:00:00Z","timeWindowEnd":"2024-04-18T04:00:00Z","measuredTime":"2024-04-18T04:43:08Z","unit":"kpl/h","value":501,"id":"6620a5ed78147274c087ca22"},{"sensorId":"5056","stationId":"24607","name":"KESKINOPEUS_60MIN_KIINTEA_SUUNTA1","timeWindowStart":"2024-04-18T03:00:00Z","timeWindowEnd":"2024-04-18T04:00:00Z","measuredTime":"2024-04-18T04:43:08Z","unit":"km/h","value":109,"id":"6620a5ed78147274c087ca23"},{"sensorId":"5057","stationId":"24607","name":"KESKINOPEUS_60MIN_KIINTEA_SUUNTA2","timeWindowStart":"2024-04-18T03:00:00Z","timeWindowEnd":"2024-04-18T04:00:00Z","measuredTime":"2024-04-18T04:43:08Z","unit":"km/h","value":109,"id":"6620a5ed78147274c087ca24"},{"sensorId":"5067","stationId":"24607","name":"OHITUKSET_60MIN_KIINTEA_SUUNTA1_MS1","timeWindowStart":"2024-04-18T03:00:00Z","timeWindowEnd":"2024-04-18T04:00:00Z","measuredTime":"2024-04-18T04:43:08Z","unit":"***","value":8,"id":"6620a5ed78147274c087ca25"},{"sensorId":"5071","stationId":"24607","name":"OHITUKSET_60MIN_KIINTEA_SUUNTA2_MS2","timeWindowStart":"2024-04-18T03:00:00Z","timeWindowEnd":"2024-04-18T04:00:00Z","measuredTime":"2024-04-18T04:43:08Z","unit":"***","value":18,"id":"6620a5ed78147274c087ca26"},{"sensorId":"5054","stationId":"24607","name":"OHITUKSET_60MIN_KIINTEA_SUUNTA1","timeWindowStart":"2024-04-18T04:00:00Z","timeWindowEnd":"2024-04-18T05:00:00Z","measuredTime":"2024-04-18T05:43:07Z","unit":"kpl/h","value":383,"id":"6620b3fd78147274c087d593"},{"sensorId":"5055","stationId":"24607","name":"OHITUKSET_60MIN_KIINTEA_SUUNTA2","timeWindowStart":"2024-04-18T04:00:00Z","timeWindowEnd":"2024-04-18T05:00:00Z","measuredTime":"2024-04-18T05:43:07Z","unit":"kpl/h","value":713,"id":"6620b3fd78147274c087d594"},{"sensorId":"5056","stationId":"24607","name":"KESKINOPEUS_60MIN_KIINTEA_SUUNTA1","timeWindowStart":"2024-04-18T04:00:00Z","timeWindowEnd":"2024-04-18T05:00:00Z","measuredTime":"2024-04-18T05:43:07Z","unit":"km/h","value":109,"id":"6620b3fd78147274c087d595"},{"sensorId":"5057","stationId":"24607","name":"KESKINOPEUS_60MIN_KIINTEA_SUUNTA2","timeWindowStart":"2024-04-18T04:00:00Z","timeWindowEnd":"2024-04-18T05:00:00Z","measuredTime":"2024-04-18T05:43:07Z","unit":"km/h","value":111,"id":"6620b3fd78147274c087d596"},{"sensorId":"5067","stationId":"24607","name":"OHITUKSET_60MIN_KIINTEA_SUUNTA1_MS1","timeWindowStart":"2024-04-18T04:00:00Z","timeWindowEnd":"2024-04-18T05:00:00Z","measuredTime":"2024-04-18T05:43:07Z","unit":"***","value":14,"id":"6620b3fd78147274c087d597"},{"sensorId":"5071","stationId":"24607","name":"OHITUKSET_60MIN_KIINTEA_SUUNTA2_MS2","timeWindowStart":"2024-04-18T04:00:00Z","timeWindowEnd":"2024-04-18T05:00:00Z","measuredTime":"2024-04-18T05:43:07Z","unit":"***","value":25,"id":"6620b3fd78147274c087d598"},{"sensorId":"5054","stationId":"24607","name":"OHITUKSET_60MIN_KIINTEA_SUUNTA1","timeWindowStart":"2024-04-18T05:00:00Z","timeWindowEnd":"2024-04-18T06:00:00Z","measuredTime":"2024-04-18T06:43:01Z","unit":"kpl/h","value":509,"id":"6620c20d78147274c087e105"},{"sensorId":"5055","stationId":"24607","name":"OHITUKSET_60MIN_KIINTEA_SUUNTA2","timeWindowStart":"2024-04-18T05:00:00Z","timeWindowEnd":"2024-04-18T06:00:00Z","measuredTime":"2024-04-18T06:43:01Z","unit":"kpl/h","value":653,"id":"6620c20d78147274c087e106"},{"sensorId":"5056",... (set the log level to DEBUG or TRACE to see the full content) 
 </msg>
<msg time="2024-04-18T10:47:31.964890" level="INFO">${response} = &lt;Response [200]&gt;</msg>
<var>${response}</var>
<arg>user_session</arg>
<arg>/api/Stations/24607/history</arg>
<arg>params=timeRange=Today</arg>
<doc>Sends a GET request on a previously created HTTP Session.</doc>
<status status="PASS" start="2024-04-18T10:47:31.809234" elapsed="0.155656"/>
</kw>
<kw name="Status Should Be" owner="RequestsLibrary">
<arg>200</arg>
<arg>${response}</arg>
<doc>Fails if response status code is different than the expected.</doc>
<status status="PASS" start="2024-04-18T10:47:31.965934" elapsed="0.001018"/>
</kw>
<kw name="Get Current Date" owner="DateTime">
<msg time="2024-04-18T10:47:31.967945" level="INFO">${Current_Date} = 2024-04-18</msg>
<var>${Current_Date}</var>
<arg>result_format=%Y-%m-%d</arg>
<doc>Returns current local or UTC time with an optional increment.</doc>
<status status="PASS" start="2024-04-18T10:47:31.967945" elapsed="0.001076"/>
</kw>
<kw name="Set Variable" owner="BuiltIn">
<msg time="2024-04-18T10:47:31.970006" level="INFO">${Formatted_Date} = 2024-04-18T00:00:00Z</msg>
<var>${Formatted_Date}</var>
<arg>${Current_Date}T00:00:00Z</arg>
<doc>Returns the given values which can then be assigned to a variables.</doc>
<status status="PASS" start="2024-04-18T10:47:31.969021" elapsed="0.000985"/>
</kw>
<kw name="Get Value From Json" owner="JSONLibrary">
<msg time="2024-04-18T10:47:31.985562" level="INFO">${endTime} = ['2024-04-18T00:00:00Z']</msg>
<var>${endTime}</var>
<arg>${response.json()}</arg>
<arg>sensors[0].timeWindowEnd</arg>
<doc>Get Value From JSON using JSONPath</doc>
<status status="PASS" start="2024-04-18T10:47:31.970946" elapsed="0.015621"/>
</kw>
<kw name="Get From List" owner="Collections">
<msg time="2024-04-18T10:47:31.987474" level="INFO">${endTimeFromList} = 2024-04-18T00:00:00Z</msg>
<var>${endTimeFromList}</var>
<arg>${endTime}</arg>
<arg>0</arg>
<doc>Returns the value specified with an ``index`` from ``list``.</doc>
<status status="PASS" start="2024-04-18T10:47:31.987474" elapsed="0.000000"/>
</kw>
<kw name="Should Be Equal" owner="BuiltIn">
<arg>${endTimeFromList}</arg>
<arg>${Formatted_Date}</arg>
<doc>Fails if the given objects are unequal.</doc>
<status status="PASS" start="2024-04-18T10:47:31.988479" elapsed="0.000000"/>
</kw>
<kw name="Log" owner="BuiltIn">
<msg time="2024-04-18T10:47:31.989481" level="INFO">History data is shown Real-Time!</msg>
<arg>History data is shown Real-Time!</arg>
<doc>Logs the given message with the given level.</doc>
<status status="PASS" start="2024-04-18T10:47:31.989481" elapsed="0.000000"/>
</kw>
<doc>GET /stations/{id}/history test on API. Response status will be checked. Date of the retrieved data will be checked.</doc>
<tag>Smoke</tag>
<status status="PASS" start="2024-04-18T10:47:31.805220" elapsed="0.186255"/>
</test>
<status status="PASS" start="2024-04-18T10:47:31.438599" elapsed="0.554871"/>
</suite>
<status status="PASS" start="2024-04-18T10:47:31.433255" elapsed="0.563268"/>
</suite>
<status status="PASS" start="2024-04-18T10:47:31.430257" elapsed="0.568262"/>
</suite>
<status status="PASS" start="2024-04-18T10:47:31.405256" elapsed="0.595265"/>
</suite>
<statistics>
<total>
<stat pass="1" fail="0" skip="0">All Tests</stat>
</total>
<tag>
<stat pass="1" fail="0" skip="0">Smoke</stat>
</tag>
<suite>
<stat pass="1" fail="0" skip="0" id="s1" name="Testing-Tukko">Testing-Tukko</stat>
<stat pass="1" fail="0" skip="0" id="s1-s1" name="Tests">Testing-Tukko.Tests</stat>
<stat pass="1" fail="0" skip="0" id="s1-s1-s1" name="Acceptance-Test">Testing-Tukko.Tests.Acceptance-Test</stat>
<stat pass="1" fail="0" skip="0" id="s1-s1-s1-s1" name="Acc">Testing-Tukko.Tests.Acceptance-Test.Acc</stat>
</suite>
</statistics>
<errors>
</errors>
</robot>
