<?xml version="1.0" encoding="UTF-8"?>
<robot generator="Robot 7.0 (Python 3.11.5 on win32)" generated="2024-04-17T17:12:20.698075" rpa="false" schemaversion="5">
<suite id="s1" name="Testing-Tukko" source="D:\Courses\2024 S\Future Factory\Test-Repo\testing-tukko">
<suite id="s1-s1" name="Front-End" source="D:\Courses\2024 S\Future Factory\Test-Repo\testing-tukko\front-end">
<suite id="s1-s1-s1" name="FEA000" source="D:\Courses\2024 S\Future Factory\Test-Repo\testing-tukko\front-end\FEA000">
<suite id="s1-s1-s1-s1" name="FEA000-initial" source="D:\Courses\2024 S\Future Factory\Test-Repo\testing-tukko\front-end\FEA000\FEA000-initial">
<suite id="s1-s1-s1-s1-s1" name="FEA000" source="D:\Courses\2024 S\Future Factory\Test-Repo\testing-tukko\front-end\FEA000\FEA000-initial\FEA000.robot">
<test id="s1-s1-s1-s1-s1-t1" name="TC000-000" line="6">
<kw name="Open Home" owner="FEA000">
<kw name="Open Browser" owner="SeleniumLibrary">
<msg time="2024-04-17T17:12:21.055965" level="INFO">Opening browser 'Firefox' to base url 'http://128.214.255.43:5175'.</msg>
<arg>${url}</arg>
<arg>${browser}</arg>
<doc>Opens a new browser instance to the optional ``url``.</doc>
<status status="PASS" start="2024-04-17T17:12:21.054962" elapsed="21.319234"/>
</kw>
<status status="PASS" start="2024-04-17T17:12:21.053966" elapsed="21.320230"/>
</kw>
<kw name="Max Window" owner="FEA000">
<kw name="Maximize Browser Window" owner="SeleniumLibrary">
<doc>Maximizes current browser window.</doc>
<status status="PASS" start="2024-04-17T17:12:42.376197" elapsed="0.350549"/>
</kw>
<status status="PASS" start="2024-04-17T17:12:42.375197" elapsed="0.352562"/>
</kw>
<kw name="Click Element" owner="SeleniumLibrary">
<msg time="2024-04-17T17:12:42.729239" level="INFO">Clicking element 'css:.leaflet-control-zoom-in'.</msg>
<arg>css:.leaflet-control-zoom-in</arg>
<doc>Click the element identified by ``locator``.</doc>
<status status="PASS" start="2024-04-17T17:12:42.727759" elapsed="0.356873"/>
</kw>
<kw name="Click Element" owner="SeleniumLibrary">
<msg time="2024-04-17T17:12:43.085628" level="INFO">Clicking element 'css:.leaflet-control-zoom-out'.</msg>
<arg>css:.leaflet-control-zoom-out</arg>
<doc>Click the element identified by ``locator``.</doc>
<status status="PASS" start="2024-04-17T17:12:43.085628" elapsed="0.225216"/>
</kw>
<kw name="Close Browser" owner="SeleniumLibrary" type="TEARDOWN">
<doc>Closes the current browser.</doc>
<status status="PASS" start="2024-04-17T17:12:43.312844" elapsed="4.925836"/>
</kw>
<doc>Testing Zoom in and out elements</doc>
<status status="PASS" start="2024-04-17T17:12:21.052965" elapsed="27.186762"/>
</test>
<status status="PASS" start="2024-04-17T17:12:20.741100" elapsed="27.500193"/>
</suite>
<status status="PASS" start="2024-04-17T17:12:20.738101" elapsed="27.505912"/>
</suite>
<status status="PASS" start="2024-04-17T17:12:20.735101" elapsed="27.510517"/>
</suite>
<status status="PASS" start="2024-04-17T17:12:20.731083" elapsed="27.516541"/>
</suite>
<status status="PASS" start="2024-04-17T17:12:20.704086" elapsed="27.545892"/>
</suite>
<statistics>
<total>
<stat pass="1" fail="0" skip="0">All Tests</stat>
</total>
<tag>
</tag>
<suite>
<stat pass="1" fail="0" skip="0" id="s1" name="Testing-Tukko">Testing-Tukko</stat>
<stat pass="1" fail="0" skip="0" id="s1-s1" name="Front-End">Testing-Tukko.Front-End</stat>
<stat pass="1" fail="0" skip="0" id="s1-s1-s1" name="FEA000">Testing-Tukko.Front-End.FEA000</stat>
<stat pass="1" fail="0" skip="0" id="s1-s1-s1-s1" name="FEA000-initial">Testing-Tukko.Front-End.FEA000.FEA000-initial</stat>
<stat pass="1" fail="0" skip="0" id="s1-s1-s1-s1-s1" name="FEA000">Testing-Tukko.Front-End.FEA000.FEA000-initial.FEA000</stat>
</suite>
</statistics>
<errors>
</errors>
</robot>
