<?xml version="1.0" encoding="UTF-8"?>
<robot generator="Robot 7.0 (Python 3.11.5 on win32)" generated="2024-04-08T12:33:48.722785" rpa="false" schemaversion="5">
<suite id="s1" name="Testing-Tukko" source="D:\Courses\2024 S\Future Factory\Test-Repo\testing-tukko">
<suite id="s1-s1" name="Front-End" source="D:\Courses\2024 S\Future Factory\Test-Repo\testing-tukko\front-end">
<suite id="s1-s1-s1" name="FEA000" source="D:\Courses\2024 S\Future Factory\Test-Repo\testing-tukko\front-end\FEA000">
<suite id="s1-s1-s1-s1" name="FEA000-initial" source="D:\Courses\2024 S\Future Factory\Test-Repo\testing-tukko\front-end\FEA000\FEA000-initial">
<suite id="s1-s1-s1-s1-s1" name="FEA000" source="D:\Courses\2024 S\Future Factory\Test-Repo\testing-tukko\front-end\FEA000\FEA000-initial\FEA000.robot">
<test id="s1-s1-s1-s1-s1-t1" name="TC000-002" line="28">
<kw name="Open Home" owner="FEA000">
<kw name="Open Browser" owner="SeleniumLibrary">
<msg time="2024-04-08T12:33:49.083219" level="INFO">Opening browser 'Firefox' to base url 'http://128.214.255.43:5175'.</msg>
<arg>${url}</arg>
<arg>${browser}</arg>
<doc>Opens a new browser instance to the optional ``url``.</doc>
<status status="PASS" start="2024-04-08T12:33:49.083219" elapsed="5.964531"/>
</kw>
<status status="PASS" start="2024-04-08T12:33:49.081216" elapsed="5.968376"/>
</kw>
<kw name="Max Window" owner="FEA000">
<kw name="Maximize Browser Window" owner="SeleniumLibrary">
<doc>Maximizes current browser window.</doc>
<status status="PASS" start="2024-04-08T12:33:55.052600" elapsed="0.348647"/>
</kw>
<status status="PASS" start="2024-04-08T12:33:55.050602" elapsed="0.350645"/>
</kw>
<kw name="Theme Change" owner="FEA000">
<kw name="Click Element" owner="SeleniumLibrary">
<msg time="2024-04-08T12:33:55.404244" level="INFO">Clicking element 'xpath://button[@class="inline-flex items-center justify-center whitespace-nowrap rounded-md text-sm font-medium ring-offset-background transition-colors focus-visible:outline-none focus-visible:ring-2 focus-visible:ring-ring focus-visible:ring-offset-2 disabled:pointer-events-none disabled:opacity-50 bg-secondary text-secondary-foreground hover:bg-secondary/80 h-10 w-10"]'.</msg>
<arg>xpath://button[@class="inline-flex items-center justify-center whitespace-nowrap rounded-md text-sm font-medium ring-offset-background transition-colors focus-visible:outline-none focus-visible:ring-2 focus-visible:ring-ring focus-visible:ring-offset-2 disabled:pointer-events-none disabled:opacity-50 bg-secondary text-secondary-foreground hover:bg-secondary/80 h-10 w-10"]</arg>
<doc>Click the element identified by ``locator``.</doc>
<status status="PASS" start="2024-04-08T12:33:55.403245" elapsed="0.278223"/>
</kw>
<status status="PASS" start="2024-04-08T12:33:55.402244" elapsed="0.279224"/>
</kw>
<kw name="Wait Until Light Mode" owner="FEA000">
<kw name="Wait Until Element Is Not Visible" owner="SeleniumLibrary">
<arg>css:body[class="dark"]</arg>
<doc>Waits until the element ``locator`` is not visible.</doc>
<status status="PASS" start="2024-04-08T12:33:55.682979" elapsed="0.004010"/>
</kw>
<kw name="Wait Until Element Is Visible" owner="SeleniumLibrary">
<arg>css:body[class=""]</arg>
<doc>Waits until the element ``locator`` is visible.</doc>
<status status="PASS" start="2024-04-08T12:33:55.687988" elapsed="0.020587"/>
</kw>
<status status="PASS" start="2024-04-08T12:33:55.682469" elapsed="0.026106"/>
</kw>
<kw name="Capture Page Screenshot" owner="SeleniumLibrary">
<msg time="2024-04-08T12:33:55.913720" level="INFO" html="true">&lt;/td&gt;&lt;/tr&gt;&lt;tr&gt;&lt;td colspan="3"&gt;&lt;a href="selenium-screenshot-11.png"&gt;&lt;img src="selenium-screenshot-11.png" width="800px"&gt;&lt;/a&gt;</msg>
<doc>Takes a screenshot of the current page and embeds it into a log file.</doc>
<status status="PASS" start="2024-04-08T12:33:55.709576" elapsed="0.205426"/>
</kw>
<kw name="Theme Change" owner="FEA000">
<kw name="Click Element" owner="SeleniumLibrary">
<msg time="2024-04-08T12:33:55.917011" level="INFO">Clicking element 'xpath://button[@class="inline-flex items-center justify-center whitespace-nowrap rounded-md text-sm font-medium ring-offset-background transition-colors focus-visible:outline-none focus-visible:ring-2 focus-visible:ring-ring focus-visible:ring-offset-2 disabled:pointer-events-none disabled:opacity-50 bg-secondary text-secondary-foreground hover:bg-secondary/80 h-10 w-10"]'.</msg>
<arg>xpath://button[@class="inline-flex items-center justify-center whitespace-nowrap rounded-md text-sm font-medium ring-offset-background transition-colors focus-visible:outline-none focus-visible:ring-2 focus-visible:ring-ring focus-visible:ring-offset-2 disabled:pointer-events-none disabled:opacity-50 bg-secondary text-secondary-foreground hover:bg-secondary/80 h-10 w-10"]</arg>
<doc>Click the element identified by ``locator``.</doc>
<status status="PASS" start="2024-04-08T12:33:55.917011" elapsed="0.337518"/>
</kw>
<status status="PASS" start="2024-04-08T12:33:55.916010" elapsed="0.339610"/>
</kw>
<kw name="Wait Until Dark Mode" owner="FEA000">
<kw name="Wait Until Element Is Visible" owner="SeleniumLibrary">
<arg>css:body[class="dark"]</arg>
<doc>Waits until the element ``locator`` is visible.</doc>
<status status="PASS" start="2024-04-08T12:33:56.256528" elapsed="0.010032"/>
</kw>
<status status="PASS" start="2024-04-08T12:33:56.255620" elapsed="0.010940"/>
</kw>
<kw name="Capture Page Screenshot" owner="SeleniumLibrary">
<msg time="2024-04-08T12:33:56.494167" level="INFO" html="true">&lt;/td&gt;&lt;/tr&gt;&lt;tr&gt;&lt;td colspan="3"&gt;&lt;a href="selenium-screenshot-12.png"&gt;&lt;img src="selenium-screenshot-12.png" width="800px"&gt;&lt;/a&gt;</msg>
<doc>Takes a screenshot of the current page and embeds it into a log file.</doc>
<status status="PASS" start="2024-04-08T12:33:56.268010" elapsed="0.226157"/>
</kw>
<kw name="Close Browser" owner="SeleniumLibrary" type="TEARDOWN">
<doc>Closes the current browser.</doc>
<status status="PASS" start="2024-04-08T12:33:56.495172" elapsed="2.865607"/>
</kw>
<doc>Checking Theme button</doc>
<status status="PASS" start="2024-04-08T12:33:49.080215" elapsed="10.282071"/>
</test>
<status status="PASS" start="2024-04-08T12:33:48.764988" elapsed="10.599307"/>
</suite>
<status status="PASS" start="2024-04-08T12:33:48.762046" elapsed="10.605247"/>
</suite>
<status status="PASS" start="2024-04-08T12:33:48.757951" elapsed="10.610521"/>
</suite>
<status status="PASS" start="2024-04-08T12:33:48.754664" elapsed="10.616109"/>
</suite>
<status status="PASS" start="2024-04-08T12:33:48.728920" elapsed="10.642851"/>
</suite>
<statistics>
<total>
<stat pass="1" fail="0" skip="0">All Tests</stat>
</total>
<tag>
</tag>
<suite>
<stat pass="1" fail="0" skip="0" id="s1" name="Testing-Tukko">Testing-Tukko</stat>
<stat pass="1" fail="0" skip="0" id="s1-s1" name="Front-End">Testing-Tukko.Front-End</stat>
<stat pass="1" fail="0" skip="0" id="s1-s1-s1" name="FEA000">Testing-Tukko.Front-End.FEA000</stat>
<stat pass="1" fail="0" skip="0" id="s1-s1-s1-s1" name="FEA000-initial">Testing-Tukko.Front-End.FEA000.FEA000-initial</stat>
<stat pass="1" fail="0" skip="0" id="s1-s1-s1-s1-s1" name="FEA000">Testing-Tukko.Front-End.FEA000.FEA000-initial.FEA000</stat>
</suite>
</statistics>
<errors>
</errors>
</robot>
