<?xml version="1.0" encoding="UTF-8"?>
<robot generator="Robot 7.0 (Python 3.11.5 on win32)" generated="2024-04-17T17:42:47.658475" rpa="false" schemaversion="5">
<suite id="s1" name="Testing-Tukko" source="D:\Courses\2024 S\Future Factory\Test-Repo\testing-tukko">
<suite id="s1-s1" name="Tests" source="D:\Courses\2024 S\Future Factory\Test-Repo\testing-tukko\tests">
<suite id="s1-s1-s1" name="FEA000-regression" source="D:\Courses\2024 S\Future Factory\Test-Repo\testing-tukko\tests\FEA000-regression">
<suite id="s1-s1-s1-s1" name="FEA000-front" source="D:\Courses\2024 S\Future Factory\Test-Repo\testing-tukko\tests\FEA000-regression\FEA000-front.robot">
<test id="s1-s1-s1-s1-t1" name="TC000-001" line="15">
<kw name="Open Home" owner="main">
<kw name="Open Browser" owner="SeleniumLibrary">
<msg time="2024-04-17T17:42:48.071813" level="INFO">Opening browser 'Firefox' to base url 'http://128.214.255.43:5175'.</msg>
<arg>${url}</arg>
<arg>${browser}</arg>
<doc>Opens a new browser instance to the optional ``url``.</doc>
<status status="PASS" start="2024-04-17T17:42:48.070802" elapsed="6.396015"/>
</kw>
<status status="PASS" start="2024-04-17T17:42:48.069293" elapsed="6.397524"/>
</kw>
<kw name="Max Window" owner="main">
<kw name="Maximize Browser Window" owner="SeleniumLibrary">
<doc>Maximizes current browser window.</doc>
<status status="PASS" start="2024-04-17T17:42:54.468877" elapsed="0.264096"/>
</kw>
<status status="PASS" start="2024-04-17T17:42:54.467868" elapsed="0.265105"/>
</kw>
<kw name="Click Element" owner="SeleniumLibrary">
<msg time="2024-04-17T17:42:54.733992" level="INFO">Clicking element 'css:button[data-state="closed"]'.</msg>
<arg>css:button[data-state="closed"]</arg>
<doc>Click the element identified by ``locator``.</doc>
<status status="PASS" start="2024-04-17T17:42:54.732973" elapsed="0.329921"/>
</kw>
<kw name="Log" owner="BuiltIn">
<msg time="2024-04-17T17:42:55.064931" level="INFO">Title should have 10 or more characters</msg>
<arg>Title should have 10 or more characters</arg>
<doc>Logs the given message with the given level.</doc>
<status status="PASS" start="2024-04-17T17:42:55.063917" elapsed="0.001014"/>
</kw>
<kw name="Input Text" owner="SeleniumLibrary">
<msg time="2024-04-17T17:42:55.067935" level="INFO">Typing text 'TestingTitle' into text field 'css:input[name="title"]'.</msg>
<arg>css:input[name="title"]</arg>
<arg>TestingTitle</arg>
<doc>Types the given ``text`` into the text field identified by ``locator``.</doc>
<status status="PASS" start="2024-04-17T17:42:55.066938" elapsed="0.056056"/>
</kw>
<kw name="Log" owner="BuiltIn">
<msg time="2024-04-17T17:42:55.124044" level="INFO">Description should have 20 or more characters</msg>
<arg>Description should have 20 or more characters</arg>
<doc>Logs the given message with the given level.</doc>
<status status="PASS" start="2024-04-17T17:42:55.122994" elapsed="0.001050"/>
</kw>
<kw name="Input Text" owner="SeleniumLibrary">
<msg time="2024-04-17T17:42:55.125994" level="INFO">Typing text 'TestingDescriptionrandomtestgeneratedfortesting' into text field 'css:textarea[name="description"]'.</msg>
<arg>css:textarea[name="description"]</arg>
<arg>TestingDescriptionrandomtestgeneratedfortesting</arg>
<doc>Types the given ``text`` into the text field identified by ``locator``.</doc>
<status status="PASS" start="2024-04-17T17:42:55.124993" elapsed="0.061509"/>
</kw>
<kw name="Click Button" owner="SeleniumLibrary">
<msg time="2024-04-17T17:42:55.187505" level="INFO">Clicking button 'xpath://button[contains(text(), 'Submit')]'.</msg>
<arg>xpath://button[contains(text(), 'Submit')]</arg>
<doc>Clicks the button identified by ``locator``.</doc>
<status status="PASS" start="2024-04-17T17:42:55.187505" elapsed="0.307463"/>
</kw>
<kw name="Close Browser" owner="SeleniumLibrary" type="TEARDOWN">
<doc>Closes the current browser.</doc>
<status status="PASS" start="2024-04-17T17:42:55.495969" elapsed="4.834901"/>
</kw>
<doc>Feedback Button check</doc>
<status status="PASS" start="2024-04-17T17:42:48.069293" elapsed="12.262576"/>
</test>
<status status="PASS" start="2024-04-17T17:42:47.734299" elapsed="12.599585"/>
</suite>
<status status="PASS" start="2024-04-17T17:42:47.730298" elapsed="12.605568"/>
</suite>
<status status="PASS" start="2024-04-17T17:42:47.725292" elapsed="12.612576"/>
</suite>
<status status="PASS" start="2024-04-17T17:42:47.665479" elapsed="12.673408"/>
</suite>
<statistics>
<total>
<stat pass="1" fail="0" skip="0">All Tests</stat>
</total>
<tag>
</tag>
<suite>
<stat pass="1" fail="0" skip="0" id="s1" name="Testing-Tukko">Testing-Tukko</stat>
<stat pass="1" fail="0" skip="0" id="s1-s1" name="Tests">Testing-Tukko.Tests</stat>
<stat pass="1" fail="0" skip="0" id="s1-s1-s1" name="FEA000-regression">Testing-Tukko.Tests.FEA000-regression</stat>
<stat pass="1" fail="0" skip="0" id="s1-s1-s1-s1" name="FEA000-front">Testing-Tukko.Tests.FEA000-regression.FEA000-front</stat>
</suite>
</statistics>
<errors>
</errors>
</robot>
