<?xml version="1.0" encoding="UTF-8"?>
<robot generator="Robot 7.0 (Python 3.11.5 on win32)" generated="2024-04-17T21:28:52.269554" rpa="false" schemaversion="5">
<suite id="s1" name="Testing-Tukko" source="D:\Courses\2024 S\Future Factory\Test-Repo\testing-tukko">
<suite id="s1-s1" name="Tests" source="D:\Courses\2024 S\Future Factory\Test-Repo\testing-tukko\tests">
<suite id="s1-s1-s1" name="Acceptance-Test" source="D:\Courses\2024 S\Future Factory\Test-Repo\testing-tukko\tests\acceptance-test">
<suite id="s1-s1-s1-s1" name="Acc" source="D:\Courses\2024 S\Future Factory\Test-Repo\testing-tukko\tests\acceptance-test\acc.robot">
<test id="s1-s1-s1-s1-t1" name="AT004 - Map tiles are visible" line="46">
<kw name="Open Home" owner="main">
<kw name="Open Browser" owner="SeleniumLibrary">
<msg time="2024-04-17T21:28:52.687178" level="INFO">Opening browser 'Firefox' to base url 'http://128.214.255.43:5175'.</msg>
<arg>${url}</arg>
<arg>${browser}</arg>
<doc>Opens a new browser instance to the optional ``url``.</doc>
<status status="PASS" start="2024-04-17T21:28:52.687178" elapsed="6.255044"/>
</kw>
<status status="PASS" start="2024-04-17T21:28:52.686154" elapsed="6.256068"/>
</kw>
<kw name="Max Window" owner="main">
<kw name="Maximize Browser Window" owner="SeleniumLibrary">
<doc>Maximizes current browser window.</doc>
<status status="PASS" start="2024-04-17T21:28:58.943223" elapsed="0.271063"/>
</kw>
<status status="PASS" start="2024-04-17T21:28:58.943223" elapsed="0.271063"/>
</kw>
<kw name="Wait Until Element Is Visible" owner="SeleniumLibrary">
<arg>xpath=//img[@src="https://a.tile.openstreetmap.org/12/2331/1185.png"]</arg>
<doc>Waits until the element ``locator`` is visible.</doc>
<status status="PASS" start="2024-04-17T21:28:59.215287" elapsed="0.242630"/>
</kw>
<kw name="Close Browser" owner="SeleniumLibrary" type="TEARDOWN">
<doc>Closes the current browser.</doc>
<status status="PASS" start="2024-04-17T21:28:59.458916" elapsed="2.883546"/>
</kw>
<doc>Testing whether the map is visible in front-end</doc>
<status status="PASS" start="2024-04-17T21:28:52.685154" elapsed="9.658285"/>
</test>
<status status="PASS" start="2024-04-17T21:28:52.312588" elapsed="10.032799"/>
</suite>
<status status="PASS" start="2024-04-17T21:28:52.308541" elapsed="10.039848"/>
</suite>
<status status="PASS" start="2024-04-17T21:28:52.305544" elapsed="10.044851"/>
</suite>
<status status="PASS" start="2024-04-17T21:28:52.274545" elapsed="10.077843"/>
</suite>
<statistics>
<total>
<stat pass="1" fail="0" skip="0">All Tests</stat>
</total>
<tag>
</tag>
<suite>
<stat pass="1" fail="0" skip="0" id="s1" name="Testing-Tukko">Testing-Tukko</stat>
<stat pass="1" fail="0" skip="0" id="s1-s1" name="Tests">Testing-Tukko.Tests</stat>
<stat pass="1" fail="0" skip="0" id="s1-s1-s1" name="Acceptance-Test">Testing-Tukko.Tests.Acceptance-Test</stat>
<stat pass="1" fail="0" skip="0" id="s1-s1-s1-s1" name="Acc">Testing-Tukko.Tests.Acceptance-Test.Acc</stat>
</suite>
</statistics>
<errors>
</errors>
</robot>
